2019-10-30 14:13:00 [scrapy.utils.log] INFO: Scrapy 1.7.4 started (bot: mySpider)
2019-10-30 14:13:00 [scrapy.utils.log] INFO: Versions: lxml 4.4.1.0, libxml2 2.9.9, cssselect 1.1.0, parsel 1.5.2, w3lib 1.21.0, Twisted 19.7.0, Python 3.8.0 (tags/v3.8.0:fa919fd, Oct 14 2019, 19:37:50) [MSC v.1916 64 bit (AMD64)], pyOpenSSL 19.0.0 (OpenSSL 1.1.1d  10 Sep 2019), cryptography 2.8, Platform Windows-10-10.0.18362-SP0
2019-10-30 14:13:00 [scrapy.crawler] INFO: Overridden settings: {'BOT_NAME': 'mySpider', 'LOG_FILE': './log.log', 'LOG_LEVEL': 'INFO', 'NEWSPIDER_MODULE': 'mySpider.spiders', 'SPIDER_MODULES': ['mySpider.spiders'], 'USER_AGENT': 'Mozilla/5.0 (Windows NT 10.0; WOW64) AppleWebKit/537.36 (KHTML, like Gecko) Chrome/70.0.3538.25 Safari/537.36 Core/1.70.3732.400 QQBrowser/10.5.3824.400'}
2019-10-30 14:13:00 [scrapy.extensions.telnet] INFO: Telnet Password: 17cd5f6a277c3d78
2019-10-30 14:13:00 [scrapy.middleware] INFO: Enabled extensions:
['scrapy.extensions.corestats.CoreStats',
 'scrapy.extensions.telnet.TelnetConsole',
 'scrapy.extensions.logstats.LogStats']
2019-10-30 14:13:01 [scrapy.middleware] INFO: Enabled downloader middlewares:
['scrapy.downloadermiddlewares.httpauth.HttpAuthMiddleware',
 'scrapy.downloadermiddlewares.downloadtimeout.DownloadTimeoutMiddleware',
 'scrapy.downloadermiddlewares.defaultheaders.DefaultHeadersMiddleware',
 'scrapy.downloadermiddlewares.useragent.UserAgentMiddleware',
 'scrapy.downloadermiddlewares.retry.RetryMiddleware',
 'scrapy.downloadermiddlewares.redirect.MetaRefreshMiddleware',
 'scrapy.downloadermiddlewares.httpcompression.HttpCompressionMiddleware',
 'scrapy.downloadermiddlewares.redirect.RedirectMiddleware',
 'scrapy.downloadermiddlewares.cookies.CookiesMiddleware',
 'scrapy.downloadermiddlewares.httpproxy.HttpProxyMiddleware',
 'scrapy.downloadermiddlewares.stats.DownloaderStats']
2019-10-30 14:13:01 [scrapy.middleware] INFO: Enabled spider middlewares:
['scrapy.spidermiddlewares.httperror.HttpErrorMiddleware',
 'scrapy.spidermiddlewares.offsite.OffsiteMiddleware',
 'scrapy.spidermiddlewares.referer.RefererMiddleware',
 'scrapy.spidermiddlewares.urllength.UrlLengthMiddleware',
 'scrapy.spidermiddlewares.depth.DepthMiddleware']
2019-10-30 14:13:01 [scrapy.middleware] INFO: Enabled item pipelines:
[]
2019-10-30 14:13:01 [scrapy.core.engine] INFO: Spider opened
2019-10-30 14:13:01 [scrapy.extensions.logstats] INFO: Crawled 0 pages (at 0 pages/min), scraped 0 items (at 0 items/min)
2019-10-30 14:13:01 [scrapy.extensions.telnet] INFO: Telnet console listening on 127.0.0.1:6023
2019-10-30 14:14:01 [scrapy.extensions.logstats] INFO: Crawled 25 pages (at 25 pages/min), scraped 0 items (at 0 items/min)
2019-10-30 14:14:14 [scrapy.core.engine] INFO: Closing spider (finished)
2019-10-30 14:14:14 [scrapy.statscollectors] INFO: Dumping Scrapy stats:
{'downloader/request_bytes': 13326,
 'downloader/request_count': 31,
 'downloader/request_method_count/GET': 31,
 'downloader/response_bytes': 614141,
 'downloader/response_count': 31,
 'downloader/response_status_count/200': 31,
 'elapsed_time_seconds': 73.400265,
 'finish_reason': 'finished',
 'finish_time': datetime.datetime(2019, 10, 30, 6, 14, 14, 792631),
 'log_count/INFO': 11,
 'request_depth_max': 1,
 'response_received_count': 31,
 'scheduler/dequeued': 31,
 'scheduler/dequeued/memory': 31,
 'scheduler/enqueued': 31,
 'scheduler/enqueued/memory': 31,
 'start_time': datetime.datetime(2019, 10, 30, 6, 13, 1, 392366)}
2019-10-30 14:14:14 [scrapy.core.engine] INFO: Spider closed (finished)
2019-10-30 14:16:41 [scrapy.utils.log] INFO: Scrapy 1.7.4 started (bot: mySpider)
2019-10-30 14:16:41 [scrapy.utils.log] INFO: Versions: lxml 4.4.1.0, libxml2 2.9.9, cssselect 1.1.0, parsel 1.5.2, w3lib 1.21.0, Twisted 19.7.0, Python 3.8.0 (tags/v3.8.0:fa919fd, Oct 14 2019, 19:37:50) [MSC v.1916 64 bit (AMD64)], pyOpenSSL 19.0.0 (OpenSSL 1.1.1d  10 Sep 2019), cryptography 2.8, Platform Windows-10-10.0.18362-SP0
2019-10-30 14:16:41 [scrapy.crawler] INFO: Overridden settings: {'BOT_NAME': 'mySpider', 'LOG_FILE': './log.log', 'LOG_LEVEL': 'INFO', 'NEWSPIDER_MODULE': 'mySpider.spiders', 'SPIDER_MODULES': ['mySpider.spiders'], 'USER_AGENT': 'Mozilla/5.0 (Windows NT 10.0; WOW64) AppleWebKit/537.36 (KHTML, like Gecko) Chrome/70.0.3538.25 Safari/537.36 Core/1.70.3732.400 QQBrowser/10.5.3824.400'}
2019-10-30 14:16:42 [scrapy.extensions.telnet] INFO: Telnet Password: e853bf05e34a62fd
2019-10-30 14:16:42 [scrapy.middleware] INFO: Enabled extensions:
['scrapy.extensions.corestats.CoreStats',
 'scrapy.extensions.telnet.TelnetConsole',
 'scrapy.extensions.logstats.LogStats']
2019-10-30 14:16:42 [scrapy.middleware] INFO: Enabled downloader middlewares:
['scrapy.downloadermiddlewares.httpauth.HttpAuthMiddleware',
 'scrapy.downloadermiddlewares.downloadtimeout.DownloadTimeoutMiddleware',
 'scrapy.downloadermiddlewares.defaultheaders.DefaultHeadersMiddleware',
 'scrapy.downloadermiddlewares.useragent.UserAgentMiddleware',
 'scrapy.downloadermiddlewares.retry.RetryMiddleware',
 'scrapy.downloadermiddlewares.redirect.MetaRefreshMiddleware',
 'scrapy.downloadermiddlewares.httpcompression.HttpCompressionMiddleware',
 'scrapy.downloadermiddlewares.redirect.RedirectMiddleware',
 'scrapy.downloadermiddlewares.cookies.CookiesMiddleware',
 'scrapy.downloadermiddlewares.httpproxy.HttpProxyMiddleware',
 'scrapy.downloadermiddlewares.stats.DownloaderStats']
2019-10-30 14:16:42 [scrapy.middleware] INFO: Enabled spider middlewares:
['scrapy.spidermiddlewares.httperror.HttpErrorMiddleware',
 'scrapy.spidermiddlewares.offsite.OffsiteMiddleware',
 'scrapy.spidermiddlewares.referer.RefererMiddleware',
 'scrapy.spidermiddlewares.urllength.UrlLengthMiddleware',
 'scrapy.spidermiddlewares.depth.DepthMiddleware']
2019-10-30 14:16:42 [scrapy.middleware] INFO: Enabled item pipelines:
['mySpider.pipelines.MyspiderPipeline']
2019-10-30 14:16:42 [scrapy.core.engine] INFO: Spider opened
2019-10-30 14:16:42 [scrapy.extensions.logstats] INFO: Crawled 0 pages (at 0 pages/min), scraped 0 items (at 0 items/min)
2019-10-30 14:16:42 [scrapy.extensions.telnet] INFO: Telnet console listening on 127.0.0.1:6023
2019-10-30 14:17:42 [scrapy.extensions.logstats] INFO: Crawled 25 pages (at 25 pages/min), scraped 0 items (at 0 items/min)
2019-10-30 14:18:42 [scrapy.extensions.logstats] INFO: Crawled 50 pages (at 25 pages/min), scraped 0 items (at 0 items/min)
2019-10-30 14:19:09 [scrapy.core.engine] INFO: Closing spider (finished)
2019-10-30 14:19:09 [scrapy.statscollectors] INFO: Dumping Scrapy stats:
{'downloader/request_bytes': 26773,
 'downloader/request_count': 62,
 'downloader/request_method_count/GET': 62,
 'downloader/response_bytes': 1153703,
 'downloader/response_count': 62,
 'downloader/response_status_count/200': 62,
 'elapsed_time_seconds': 147.30353,
 'finish_reason': 'finished',
 'finish_time': datetime.datetime(2019, 10, 30, 6, 19, 9, 884136),
 'log_count/INFO': 12,
 'request_depth_max': 2,
 'response_received_count': 62,
 'scheduler/dequeued': 62,
 'scheduler/dequeued/memory': 62,
 'scheduler/enqueued': 62,
 'scheduler/enqueued/memory': 62,
 'start_time': datetime.datetime(2019, 10, 30, 6, 16, 42, 580606)}
2019-10-30 14:19:09 [scrapy.core.engine] INFO: Spider closed (finished)
2019-10-30 15:35:52 [scrapy.utils.log] INFO: Scrapy 1.7.4 started (bot: mySpider)
2019-10-30 15:35:52 [scrapy.utils.log] INFO: Versions: lxml 4.4.1.0, libxml2 2.9.9, cssselect 1.1.0, parsel 1.5.2, w3lib 1.21.0, Twisted 19.7.0, Python 3.8.0 (tags/v3.8.0:fa919fd, Oct 14 2019, 19:37:50) [MSC v.1916 64 bit (AMD64)], pyOpenSSL 19.0.0 (OpenSSL 1.1.1d  10 Sep 2019), cryptography 2.8, Platform Windows-10-10.0.18362-SP0
2019-10-30 15:40:37 [scrapy.utils.log] INFO: Scrapy 1.7.4 started (bot: mySpider)
2019-10-30 15:40:37 [scrapy.utils.log] INFO: Versions: lxml 4.4.1.0, libxml2 2.9.9, cssselect 1.1.0, parsel 1.5.2, w3lib 1.21.0, Twisted 19.7.0, Python 3.8.0 (tags/v3.8.0:fa919fd, Oct 14 2019, 19:37:50) [MSC v.1916 64 bit (AMD64)], pyOpenSSL 19.0.0 (OpenSSL 1.1.1d  10 Sep 2019), cryptography 2.8, Platform Windows-10-10.0.18362-SP0
2019-10-30 15:40:37 [scrapy.crawler] INFO: Overridden settings: {'BOT_NAME': 'mySpider', 'LOG_FILE': './log.log', 'LOG_LEVEL': 'INFO', 'NEWSPIDER_MODULE': 'mySpider.spiders', 'SPIDER_MODULES': ['mySpider.spiders'], 'USER_AGENT': 'Mozilla/5.0 (Windows NT 10.0; WOW64) AppleWebKit/537.36 (KHTML, like Gecko) Chrome/70.0.3538.25 Safari/537.36 Core/1.70.3732.400 QQBrowser/10.5.3824.400'}
2019-10-30 15:40:37 [scrapy.extensions.telnet] INFO: Telnet Password: dc2e660a35bdd1d4
2019-10-30 15:40:37 [scrapy.middleware] INFO: Enabled extensions:
['scrapy.extensions.corestats.CoreStats',
 'scrapy.extensions.telnet.TelnetConsole',
 'scrapy.extensions.logstats.LogStats']
2019-10-30 15:40:38 [scrapy.middleware] INFO: Enabled downloader middlewares:
['scrapy.downloadermiddlewares.httpauth.HttpAuthMiddleware',
 'scrapy.downloadermiddlewares.downloadtimeout.DownloadTimeoutMiddleware',
 'scrapy.downloadermiddlewares.defaultheaders.DefaultHeadersMiddleware',
 'scrapy.downloadermiddlewares.useragent.UserAgentMiddleware',
 'scrapy.downloadermiddlewares.retry.RetryMiddleware',
 'scrapy.downloadermiddlewares.redirect.MetaRefreshMiddleware',
 'scrapy.downloadermiddlewares.httpcompression.HttpCompressionMiddleware',
 'scrapy.downloadermiddlewares.redirect.RedirectMiddleware',
 'scrapy.downloadermiddlewares.cookies.CookiesMiddleware',
 'scrapy.downloadermiddlewares.httpproxy.HttpProxyMiddleware',
 'scrapy.downloadermiddlewares.stats.DownloaderStats']
2019-10-30 15:40:38 [scrapy.middleware] INFO: Enabled spider middlewares:
['scrapy.spidermiddlewares.httperror.HttpErrorMiddleware',
 'scrapy.spidermiddlewares.offsite.OffsiteMiddleware',
 'scrapy.spidermiddlewares.referer.RefererMiddleware',
 'scrapy.spidermiddlewares.urllength.UrlLengthMiddleware',
 'scrapy.spidermiddlewares.depth.DepthMiddleware']
2019-10-30 15:40:38 [scrapy.middleware] INFO: Enabled item pipelines:
['mySpider.pipelines.MyspiderPipeline']
2019-10-30 15:40:38 [scrapy.core.engine] INFO: Spider opened
2019-10-30 15:40:38 [scrapy.extensions.logstats] INFO: Crawled 0 pages (at 0 pages/min), scraped 0 items (at 0 items/min)
2019-10-30 15:40:38 [scrapy.extensions.telnet] INFO: Telnet console listening on 127.0.0.1:6023
2019-10-30 15:40:39 [scrapy.core.engine] INFO: Closing spider (finished)
2019-10-30 15:40:39 [scrapy.statscollectors] INFO: Dumping Scrapy stats:
{'downloader/request_bytes': 333,
 'downloader/request_count': 1,
 'downloader/request_method_count/GET': 1,
 'downloader/response_bytes': 57875,
 'downloader/response_count': 1,
 'downloader/response_status_count/200': 1,
 'elapsed_time_seconds': 0.685349,
 'finish_reason': 'finished',
 'finish_time': datetime.datetime(2019, 10, 30, 7, 40, 39, 128725),
 'log_count/INFO': 10,
 'response_received_count': 1,
 'scheduler/dequeued': 1,
 'scheduler/dequeued/memory': 1,
 'scheduler/enqueued': 1,
 'scheduler/enqueued/memory': 1,
 'start_time': datetime.datetime(2019, 10, 30, 7, 40, 38, 443376)}
2019-10-30 15:40:39 [scrapy.core.engine] INFO: Spider closed (finished)
